D:\Програмирование\Projects\WebApplication1\WebApplication1\WebApplication1\client\dist\out-tsc\app\components\admin-layot\admin-layot.component.js
D:\Програмирование\Projects\WebApplication1\WebApplication1\WebApplication1\client\dist\out-tsc\app\components\admin-layot\admin-layot.component.js.map
D:\Програмирование\Projects\WebApplication1\WebApplication1\WebApplication1\client\dist\out-tsc\environments\environment.js
D:\Програмирование\Projects\WebApplication1\WebApplication1\WebApplication1\client\dist\out-tsc\environments\environment.js.map
D:\Програмирование\Projects\WebApplication1\WebApplication1\WebApplication1\client\dist\out-tsc\app\components\admin-orders\admin-orders.component.js
D:\Програмирование\Projects\WebApplication1\WebApplication1\WebApplication1\client\dist\out-tsc\app\components\admin-orders\admin-orders.component.js.map
D:\Програмирование\Projects\WebApplication1\WebApplication1\WebApplication1\client\dist\out-tsc\app\components\admin-products\admin-products.component.js
D:\Програмирование\Projects\WebApplication1\WebApplication1\WebApplication1\client\dist\out-tsc\app\components\admin-products\admin-products.component.js.map
D:\Програмирование\Projects\WebApplication1\WebApplication1\WebApplication1\client\dist\out-tsc\app\services\category.service.js
D:\Програмирование\Projects\WebApplication1\WebApplication1\WebApplication1\client\dist\out-tsc\app\services\category.service.js.map
D:\Програмирование\Projects\WebApplication1\WebApplication1\WebApplication1\client\dist\out-tsc\app\components\adminpanel\adminpanel.component.js
D:\Програмирование\Projects\WebApplication1\WebApplication1\WebApplication1\client\dist\out-tsc\app\components\adminpanel\adminpanel.component.js.map
D:\Програмирование\Projects\WebApplication1\WebApplication1\WebApplication1\client\dist\out-tsc\app\services\auth.service.js
D:\Програмирование\Projects\WebApplication1\WebApplication1\WebApplication1\client\dist\out-tsc\app\services\auth.service.js.map
D:\Програмирование\Projects\WebApplication1\WebApplication1\WebApplication1\client\dist\out-tsc\app\components\categories\categories.component.js
D:\Програмирование\Projects\WebApplication1\WebApplication1\WebApplication1\client\dist\out-tsc\app\components\categories\categories.component.js.map
D:\Програмирование\Projects\WebApplication1\WebApplication1\WebApplication1\client\dist\out-tsc\app\components\category-add\category-add.component.js
D:\Програмирование\Projects\WebApplication1\WebApplication1\WebApplication1\client\dist\out-tsc\app\components\category-add\category-add.component.js.map
D:\Програмирование\Projects\WebApplication1\WebApplication1\WebApplication1\client\dist\out-tsc\app\components\edit-category\edit-category.component.js
D:\Програмирование\Projects\WebApplication1\WebApplication1\WebApplication1\client\dist\out-tsc\app\components\edit-category\edit-category.component.js.map
D:\Програмирование\Projects\WebApplication1\WebApplication1\WebApplication1\client\dist\out-tsc\app\components\home\home.component.js
D:\Програмирование\Projects\WebApplication1\WebApplication1\WebApplication1\client\dist\out-tsc\app\components\home\home.component.js.map
D:\Програмирование\Projects\WebApplication1\WebApplication1\WebApplication1\client\dist\out-tsc\app\components\login\login.component.js
D:\Програмирование\Projects\WebApplication1\WebApplication1\WebApplication1\client\dist\out-tsc\app\components\login\login.component.js.map
D:\Програмирование\Projects\WebApplication1\WebApplication1\WebApplication1\client\dist\out-tsc\app\models\product.js
D:\Програмирование\Projects\WebApplication1\WebApplication1\WebApplication1\client\dist\out-tsc\app\models\product.js.map
D:\Програмирование\Projects\WebApplication1\WebApplication1\WebApplication1\client\dist\out-tsc\app\services\basket.service.js
D:\Програмирование\Projects\WebApplication1\WebApplication1\WebApplication1\client\dist\out-tsc\app\services\basket.service.js.map
D:\Програмирование\Projects\WebApplication1\WebApplication1\WebApplication1\client\dist\out-tsc\app\components\mainheader\mainheader.component.js
D:\Програмирование\Projects\WebApplication1\WebApplication1\WebApplication1\client\dist\out-tsc\app\components\mainheader\mainheader.component.js.map
D:\Програмирование\Projects\WebApplication1\WebApplication1\WebApplication1\client\dist\out-tsc\app\components\map\map.component.js
D:\Програмирование\Projects\WebApplication1\WebApplication1\WebApplication1\client\dist\out-tsc\app\components\map\map.component.js.map
D:\Програмирование\Projects\WebApplication1\WebApplication1\WebApplication1\client\dist\out-tsc\app\components\my-orders\my-orders.component.js
D:\Програмирование\Projects\WebApplication1\WebApplication1\WebApplication1\client\dist\out-tsc\app\components\my-orders\my-orders.component.js.map
D:\Програмирование\Projects\WebApplication1\WebApplication1\WebApplication1\client\dist\out-tsc\app\components\order\order.component.js
D:\Програмирование\Projects\WebApplication1\WebApplication1\WebApplication1\client\dist\out-tsc\app\components\order\order.component.js.map
D:\Програмирование\Projects\WebApplication1\WebApplication1\WebApplication1\client\dist\out-tsc\app\models\ProductaddViewModels.js
D:\Програмирование\Projects\WebApplication1\WebApplication1\WebApplication1\client\dist\out-tsc\app\models\ProductaddViewModels.js.map
D:\Програмирование\Projects\WebApplication1\WebApplication1\WebApplication1\client\dist\out-tsc\app\components\product-add\product-add.component.js
D:\Програмирование\Projects\WebApplication1\WebApplication1\WebApplication1\client\dist\out-tsc\app\components\product-add\product-add.component.js.map
D:\Програмирование\Projects\WebApplication1\WebApplication1\WebApplication1\client\dist\out-tsc\app\components\product-description\product-description.component.js
D:\Програмирование\Projects\WebApplication1\WebApplication1\WebApplication1\client\dist\out-tsc\app\components\product-description\product-description.component.js.map
D:\Програмирование\Projects\WebApplication1\WebApplication1\WebApplication1\client\dist\out-tsc\app\models\productpage.js
D:\Програмирование\Projects\WebApplication1\WebApplication1\WebApplication1\client\dist\out-tsc\app\models\productpage.js.map
D:\Програмирование\Projects\WebApplication1\WebApplication1\WebApplication1\client\dist\out-tsc\app\components\products\products.component.js
D:\Програмирование\Projects\WebApplication1\WebApplication1\WebApplication1\client\dist\out-tsc\app\components\products\products.component.js.map
D:\Програмирование\Projects\WebApplication1\WebApplication1\WebApplication1\client\dist\out-tsc\app\guards\adminguard.js
D:\Програмирование\Projects\WebApplication1\WebApplication1\WebApplication1\client\dist\out-tsc\app\guards\adminguard.js.map
D:\Програмирование\Projects\WebApplication1\WebApplication1\WebApplication1\client\dist\out-tsc\app\guards\authguard.js
D:\Програмирование\Projects\WebApplication1\WebApplication1\WebApplication1\client\dist\out-tsc\app\guards\authguard.js.map
D:\Програмирование\Projects\WebApplication1\WebApplication1\WebApplication1\client\dist\out-tsc\app\app-routing.module.js
D:\Програмирование\Projects\WebApplication1\WebApplication1\WebApplication1\client\dist\out-tsc\app\app-routing.module.js.map
D:\Програмирование\Projects\WebApplication1\WebApplication1\WebApplication1\client\dist\out-tsc\app\app.component.js
D:\Програмирование\Projects\WebApplication1\WebApplication1\WebApplication1\client\dist\out-tsc\app\app.component.js.map
D:\Програмирование\Projects\WebApplication1\WebApplication1\WebApplication1\client\dist\out-tsc\app\app.module.js
D:\Програмирование\Projects\WebApplication1\WebApplication1\WebApplication1\client\dist\out-tsc\app\app.module.js.map
D:\Програмирование\Projects\WebApplication1\WebApplication1\WebApplication1\client\dist\out-tsc\main.js
D:\Програмирование\Projects\WebApplication1\WebApplication1\WebApplication1\client\dist\out-tsc\main.js.map
D:\Програмирование\Projects\WebApplication1\WebApplication1\WebApplication1\client\dist\out-tsc\polyfills.js
D:\Програмирование\Projects\WebApplication1\WebApplication1\WebApplication1\client\dist\out-tsc\polyfills.js.map
D:\Програмирование\Projects\WebApplication1\WebApplication1\WebApplication1\client\dist\out-tsc\test.js
D:\Програмирование\Projects\WebApplication1\WebApplication1\WebApplication1\client\dist\out-tsc\test.js.map
D:\Програмирование\Projects\WebApplication1\WebApplication1\WebApplication1\client\dist\out-tsc\app\app.component.spec.js
D:\Програмирование\Projects\WebApplication1\WebApplication1\WebApplication1\client\dist\out-tsc\app\app.component.spec.js.map
D:\Програмирование\Projects\WebApplication1\WebApplication1\WebApplication1\client\dist\out-tsc\app\models\loginrequest.js
D:\Програмирование\Projects\WebApplication1\WebApplication1\WebApplication1\client\dist\out-tsc\app\models\loginrequest.js.map
D:\Програмирование\Projects\WebApplication1\WebApplication1\WebApplication1\client\dist\out-tsc\environments\environment.prod.js
D:\Програмирование\Projects\WebApplication1\WebApplication1\WebApplication1\client\dist\out-tsc\environments\environment.prod.js.map
